combiner.__init__ debug 0 drawEach False drawToFile False turnOnSyst False studyVar False
combiner.__init__ self.AssumedBr 1.73e-10  *****************
combiner.__init__ # bins in self.ratioRange 2528 self.ratioRangeCLs 300
combiner.__init__ Did something
combiner.eclReader pnn1_E787_98 DATA/bgtotal.inside.dat total bkg 0.0657 bkg in signal cell 0.0020 bkg elsewhere 0.0637
combiner.reportData mode is raw . `AssBr` means Assumed Branching fraction of K+ => pi,nu,nubar for sig/bkg column. Btot=total bkgd, Ctot=total cells for CLs
dataset            NK(1e+12)  Atot(1e-03)   SES(1e-10) AssBr(1e-10) Ncand         sig/bkg  Btot  Ctot    background/cell          signal/cell       Candi journal                                      
pnn1_E787_95-7          3.20         2.10         1.49         1.73     1           59.00  0.08     2          0.0065 0.074              0.38 0.78  10    PRL88_041803_and_PRL101_191802               
pnn1_E787_98            2.70         1.96         1.89         1.73     1            8.20  0.07     2           0.002 0.064              0.016 0.9  10    PRL88_041803_and_PRL101_191802               
pnn1_E949               1.77         2.22         2.54         1.73     1            1.10  0.30     2           5.7e-05 0.3           6.3e-05 0.68  10    PRD77_052003_and_PRL101_191802               
pnn2_E787_96            1.12         0.76        11.67         1.73     1            0.20  0.73     1                  0.73                   0.15  1     PLB537_2002_211                              
pnn2_E787_97            0.61         0.97        16.90         1.73     0                  0.49     1                  0.49                    0.1  0     PRD70_037102                                 
pnn2_E949               1.71         1.37         4.27         1.73     3  0.47 0.42 0.20  0.93     4  0.24 0.027 0.38 0.28   0.11 0.011 0.076 0.2  1110  PRD79_092004                                 
combiner.setAssBr set assumed Br to 1.73e-10 for s/b
combiner.reportData mode is same_assumed_Br . `AssBr` means Assumed Branching fraction of K+ => pi,nu,nubar for sig/bkg column. Btot=total bkgd, Ctot=total cells for CLs
dataset            NK(1e+12)  Atot(1e-03)   SES(1e-10) AssBr(1e-10) Ncand         sig/bkg  Btot  Ctot    background/cell          signal/cell       Candi journal                                      
pnn1_E787_95-7          3.20         2.10         1.49         1.73     1           59.00  0.08     2          0.0065 0.074              0.38 0.78  10    PRL88_041803_and_PRL101_191802               
pnn1_E787_98            2.70         1.96         1.89         1.73     1            8.20  0.07     2           0.002 0.064              0.016 0.9  10    PRL88_041803_and_PRL101_191802               
pnn1_E949               1.77         2.22         2.54         1.73     1            1.10  0.30     2           5.7e-05 0.3           6.3e-05 0.68  10    PRD77_052003_and_PRL101_191802               
pnn2_E787_96            1.12         0.76        11.67         1.73     1            0.20  0.73     1                  0.73                   0.15  1     PLB537_2002_211                              
pnn2_E787_97            0.61         0.97        16.90         1.73     0                  0.49     1                  0.49                    0.1  0     PRD70_037102                                 
pnn2_E949               1.71         1.37         4.27         1.73     3  0.47 0.42 0.20  0.93     4  0.24 0.027 0.38 0.28   0.11 0.011 0.076 0.2  1110  PRD79_092004                                 
Column labels: BF=Branching Fraction that minimizes 2loglike(group), K074=BF from technote K074, BF/K = ratio BF and K074
 BF(1e-10)   K074(1e-10)   BF/K  Group name      | data sets
        1.49 1.49          1.00  All E787        | pnn1_E787_95-7 pnn1_E787_98 pnn2_E787_96 pnn2_E787_97
        2.68 2.80          0.96  All E949        | pnn1_E949 pnn2_E949
        1.47 1.46          1.00  All pnn1        | pnn1_E787_95-7 pnn1_E787_98 pnn1_E949
        4.80 5.11          0.94  All pnn2        | pnn2_E787_96 pnn2_E787_97 pnn2_E949
        0.97 0.96          1.01  E949 pnn1       | pnn1_E949
        7.67 7.89          0.97  E949 pnn2       | pnn2_E949
        1.68 1.73          0.97  all             | pnn1_E787_95-7 pnn1_E787_98 pnn1_E949 pnn2_E787_96 pnn2_E787_97 pnn2_E949
        1.47 1.47          1.00  pnn1_pub        | pnn1_E787_95-7 pnn1_E787_98 pnn1_E949
